<?xml version="1.0" encoding="UTF-8"?>
<testsuite xmlns:xsi="http://www.w3.org/2001/XMLSchema-instance" xsi:noNamespaceSchemaLocation="https://maven.apache.org/surefire/maven-surefire-plugin/xsd/surefire-test-report-3.0.xsd" version="3.0" name="utilities.HintInputTest" time="0.068" tests="6" errors="0" skipped="0" failures="0">
  <properties>
[...]
</properties>
  <testcase name="testGetHintInput" classname="utilities.HintInputTest" time="0.005"/>
  <testcase name="testGetHintLines" classname="utilities.HintInputTest" time="0.0"/>
  <testcase name="testGetHintInput_EmptyString" classname="utilities.HintInputTest" time="0.0"/>
  <testcase name="testGetHintLines_NoNewlines" classname="utilities.HintInputTest" time="0.0"/>
  <testcase name="testGetHintLines_MultipleNewlines" classname="utilities.HintInputTest" time="0.0"/>
  <testcase name="testHintInputConstructor" classname="utilities.HintInputTest" time="0.0"/>
</testsuite>